<?xml version="1.0" encoding="UTF-8"?>
<!-- Generated by org.testng.reporters.JUnitXMLReporter -->
<testsuite ignored="24" hostname="paramdeep-QA" failures="6" tests="6" name="Grouping in testNg" time="0.139" errors="0" timestamp="02 Nov 2021 15:01:13 GMT">
  <testcase classname="com.qa.testcase.HomePageTest" name="valdateValidationMessagesManualAddressTest" time="0.024">
    <failure type="java.lang.NullPointerException">
      <![CDATA[java.lang.NullPointerException
at com.qa.testcase.HomePageTest.valdateValidationMessagesManualAddressTest(HomePageTest.java:115)
... Removed 25 stack frames]]>
    </failure>
  </testcase> <!-- valdateValidationMessagesManualAddressTest -->
  <testcase classname="com.qa.testcase.HomePageTest" name="validateEmptyAddressTest" time="0.001">
    <failure type="java.lang.NullPointerException">
      <![CDATA[java.lang.NullPointerException
at com.qa.testcase.HomePageTest.validateEmptyAddressTest(HomePageTest.java:95)
... Removed 25 stack frames]]>
    </failure>
  </testcase> <!-- validateEmptyAddressTest -->
  <testcase classname="com.qa.testcase.HomePageTest" name="validateWrongAddressTest" time="0.003">
    <failure type="java.lang.NullPointerException">
      <![CDATA[java.lang.NullPointerException
at com.qa.testcase.HomePageTest.validateWrongAddressTest(HomePageTest.java:102)
... Removed 25 stack frames]]>
    </failure>
  </testcase> <!-- validateWrongAddressTest -->
  <testcase classname="com.qa.testcase.PopUpPageTest" name="validateCredentialsTest" time="0.007">
    <failure type="java.lang.NullPointerException">
      <![CDATA[java.lang.NullPointerException
at com.qa.testcase.PopUpPageTest.validateCredentialsTest(PopUpPageTest.java:50)
... Removed 25 stack frames]]>
    </failure>
  </testcase> <!-- validateCredentialsTest -->
  <testcase classname="com.qa.testcase.PopUpPageTest" name="validateValidationsTest" time="0.004">
    <failure type="java.lang.NullPointerException">
      <![CDATA[java.lang.NullPointerException
at com.qa.testcase.PopUpPageTest.validateValidationsTest(PopUpPageTest.java:43)
... Removed 25 stack frames]]>
    </failure>
  </testcase> <!-- validateValidationsTest -->
  <testcase classname="com.qa.testcase.PopUpPageTest" name="validateWrongCredentialsTest" time="0.002">
    <failure type="java.lang.NullPointerException">
      <![CDATA[java.lang.NullPointerException
at com.qa.testcase.PopUpPageTest.validateWrongCredentialsTest(PopUpPageTest.java:57)
... Removed 25 stack frames]]>
    </failure>
  </testcase> <!-- validateWrongCredentialsTest -->
  <testcase classname="com.qa.testcase.HomePageTest" name="validatehomePageImageTest" time="0.0">
    <ignored/>
  </testcase> <!-- validatehomePageImageTest -->
  <testcase classname="com.qa.testcase.BasicInfoPageTest" name="validateconnectionDetailsSectionTest" time="0.0">
    <ignored/>
  </testcase> <!-- validateconnectionDetailsSectionTest -->
  <testcase classname="com.qa.testcase.BasicInfoPageTest" name="validateYourDetailsSectionTest" time="0.0">
    <ignored/>
  </testcase> <!-- validateYourDetailsSectionTest -->
  <testcase classname="com.qa.testcase.BasicInfoPageTest" name="validateAddOntitleTest" time="0.0">
    <ignored/>
  </testcase> <!-- validateAddOntitleTest -->
  <testcase classname="com.qa.testcase.BasicInfoPageTest" name="validateIdentificationDetailsSectionTest" time="0.0">
    <ignored/>
  </testcase> <!-- validateIdentificationDetailsSectionTest -->
  <testcase classname="com.qa.testcase.HomePageTest" name="validateNavBarTest" time="0.0">
    <ignored/>
  </testcase> <!-- validateNavBarTest -->
  <testcase classname="com.qa.testcase.AddressDetailsTest" name="validateSpecialNoteTest" time="0.0">
    <ignored/>
  </testcase> <!-- validateSpecialNoteTest -->
  <testcase classname="com.qa.testcase.HomePageTest" name="validateEnterAddressTest" time="0.0">
    <ignored/>
  </testcase> <!-- validateEnterAddressTest -->
  <testcase classname="com.qa.testcase.AddressDetailsTest" name="validateSelectDateTest" time="0.0">
    <ignored/>
  </testcase> <!-- validateSelectDateTest -->
  <testcase classname="com.qa.testcase.OtpTest" name="validateOTPTest" time="0.0">
    <ignored/>
  </testcase> <!-- validateOTPTest -->
  <testcase classname="com.qa.testcase.BasicInfoPageTest" name="validateAllSectionTest" time="0.0">
    <ignored/>
  </testcase> <!-- validateAllSectionTest -->
  <testcase classname="com.qa.testcase.PopUpPageTest" name="validateCheckPlanTest" time="0.0">
    <ignored/>
  </testcase> <!-- validateCheckPlanTest -->
  <testcase classname="com.qa.testcase.HomePageTest" name="validatehomeLOGOTest" time="0.0">
    <ignored/>
  </testcase> <!-- validatehomeLOGOTest -->
  <testcase classname="com.qa.testcase.PopUpPageTest" name="validateTopBarFeaturesTest" time="0.0">
    <ignored/>
  </testcase> <!-- validateTopBarFeaturesTest -->
  <testcase classname="com.qa.testcase.HomePageTest" name="validateBeowh1HeadingTest" time="0.0">
    <ignored/>
  </testcase> <!-- validateBeowh1HeadingTest -->
  <testcase classname="com.qa.testcase.BasicInfoPageTest" name="validateErrorMessagesTest" time="0.0">
    <ignored/>
  </testcase> <!-- validateErrorMessagesTest -->
  <testcase classname="com.qa.testcase.HomePageTest" name="validateh1HeadingTest" time="0.0">
    <ignored/>
  </testcase> <!-- validateh1HeadingTest -->
  <testcase classname="com.qa.testcase.AddOnPageTest" name="validateFullJourneyTest" time="0.0">
    <ignored/>
  </testcase> <!-- validateFullJourneyTest -->
  <testcase classname="com.qa.testcase.AddOnPageTest" name="validateAddOntitleTest" time="0.0">
    <ignored/>
  </testcase> <!-- validateAddOntitleTest -->
  <testcase classname="com.qa.testcase.HomePageTest" name="validateHomePageTitleTest" time="0.0">
    <ignored/>
  </testcase> <!-- validateHomePageTitleTest -->
  <testcase classname="com.qa.testcase.SaleCreatedTest" name="validateYourDetailsTest" time="0.0">
    <ignored/>
  </testcase> <!-- validateYourDetailsTest -->
  <testcase classname="com.qa.testcase.AddressDetailsTest" name="validateRibbonTest" time="0.0">
    <ignored/>
  </testcase> <!-- validateRibbonTest -->
  <testcase classname="com.qa.testcase.AddressDetailsTest" name="validateNextButtonTest" time="0.0">
    <ignored/>
  </testcase> <!-- validateNextButtonTest -->
  <testcase classname="com.qa.testcase.BasicInfoPageTest" name="validatevalidationmessagesTest" time="0.0">
    <ignored/>
  </testcase> <!-- validatevalidationmessagesTest -->
</testsuite> <!-- Grouping in testNg -->
