<?xml version="1.0" encoding="UTF-8"?>
<!-- Generated by org.testng.reporters.JUnitXMLReporter -->
<testsuite ignored="0" hostname="paramdeep-QA" failures="0" tests="1" name="Command line test" time="261.994" errors="0" timestamp="23 Feb 2022 17:40:35 GMT">
  <testcase classname="com.qa.testcase.OtpTest" name="@BeforeMethod setup" time="261.854">
    <failure type="org.openqa.selenium.TimeoutException" message="Expected condition failed: waiting for visibility of [[ChromeDriver: chrome on WINDOWS (d75aa28c037a64d2a218f586200bfd76)] -&amp;gt; xpath: //label[contains(text(),&amp;apos;Select Date&amp;apos;)]] (tried for 10 second(s) with 500 milliseconds interval)
Build info: version: &amp;apos;3.141.59&amp;apos;, revision: &amp;apos;e82be7d358&amp;apos;, time: &amp;apos;2018-11-14T08:17:03&amp;apos;
System info: host: &amp;apos;PARAMDEEP-QA&amp;apos;, ip: &amp;apos;172.27.245.194&amp;apos;, os.name: &amp;apos;Windows 10&amp;apos;, os.arch: &amp;apos;amd64&amp;apos;, os.version: &amp;apos;10.0&amp;apos;, java.version: &amp;apos;11.0.11&amp;apos;
Driver info: org.openqa.selenium.chrome.ChromeDriver
Capabilities {acceptInsecureCerts: false, browserName: chrome, browserVersion: 98.0.4758.102, chrome: {chromedriverVersion: 98.0.4758.102 (273bf7ac8c90..., userDataDir: C:\Users\PARAMD~1\AppData\L...}, goog:chromeOptions: {debuggerAddress: localhost:50245}, javascriptEnabled: true, networkConnectionEnabled: false, pageLoadStrategy: normal, platform: WINDOWS, platformName: WINDOWS, proxy: Proxy(), setWindowRect: true, strictFileInteractability: false, timeouts: {implicit: 0, pageLoad: 300000, script: 30000}, unhandledPromptBehavior: dismiss and notify, webauthn:extension:credBlob: true, webauthn:extension:largeBlob: true, webauthn:virtualAuthenticators: true}
Session ID: d75aa28c037a64d2a218f586200bfd76">
      <![CDATA[org.openqa.selenium.TimeoutException: Expected condition failed: waiting for visibility of [[ChromeDriver: chrome on WINDOWS (d75aa28c037a64d2a218f586200bfd76)] -> xpath: //label[contains(text(),'Select Date')]] (tried for 10 second(s) with 500 milliseconds interval)
Build info: version: '3.141.59', revision: 'e82be7d358', time: '2018-11-14T08:17:03'
System info: host: 'PARAMDEEP-QA', ip: '172.27.245.194', os.name: 'Windows 10', os.arch: 'amd64', os.version: '10.0', java.version: '11.0.11'
Driver info: org.openqa.selenium.chrome.ChromeDriver
Capabilities {acceptInsecureCerts: false, browserName: chrome, browserVersion: 98.0.4758.102, chrome: {chromedriverVersion: 98.0.4758.102 (273bf7ac8c90..., userDataDir: C:\Users\PARAMD~1\AppData\L...}, goog:chromeOptions: {debuggerAddress: localhost:50245}, javascriptEnabled: true, networkConnectionEnabled: false, pageLoadStrategy: normal, platform: WINDOWS, platformName: WINDOWS, proxy: Proxy(), setWindowRect: true, strictFileInteractability: false, timeouts: {implicit: 0, pageLoad: 300000, script: 30000}, unhandledPromptBehavior: dismiss and notify, webauthn:extension:credBlob: true, webauthn:extension:largeBlob: true, webauthn:virtualAuthenticators: true}
Session ID: d75aa28c037a64d2a218f586200bfd76
at org.openqa.selenium.support.ui.WebDriverWait.timeoutException(WebDriverWait.java:95)
at org.openqa.selenium.support.ui.FluentWait.until(FluentWait.java:272)
at com.qa.base.Testbase.waitForElementToBeVisible(Testbase.java:115)
at com.qa.pages.ConnectionAddress.validateConnectionDeliverDate(ConnectionAddress.java:228)
at com.qa.pages.ConnectionAddress.validateAllSectionConnectionAddressPage(ConnectionAddress.java:557)
at com.qa.testcase.OtpTest.setup(OtpTest.java:55)
at com.qa.testcase.TestRunner.main(TestRunner.java:16)
... Removed 25 stack frames]]>
    </failure>
  </testcase> <!-- @BeforeMethod setup -->
  <testcase classname="com.qa.testcase.OtpTest" name="validateOTPTest" time="0.0">
    <skipped/>
  </testcase> <!-- validateOTPTest -->
</testsuite> <!-- Command line test -->
